[1.780s] Invoking command in '/home/felix/Schreibtisch/projects/robotics_hw2/src/mcl_localization': PYTHONPATH=/home/felix/Schreibtisch/projects/robotics_hw2/build/mcl_localization/prefix_override:/usr/lib/python3/dist-packages/colcon_core/task/python/colcon_distutils_commands:/home/felix/Schreibtisch/projects/robotics_hw2/install/mcl_localization/lib/python3.12/site-packages:${PYTHONPATH} /usr/bin/python3 -W ignore:setup.py install is deprecated -W ignore:easy_install command is deprecated setup.py egg_info --egg-base ../../build/mcl_localization build --build-base /home/felix/Schreibtisch/projects/robotics_hw2/build/mcl_localization/build install --record /home/felix/Schreibtisch/projects/robotics_hw2/build/mcl_localization/install.log --single-version-externally-managed install_data
[2.258s] running egg_info
[2.259s] creating ../../build/mcl_localization/mcl_localization.egg-info
[2.290s] writing ../../build/mcl_localization/mcl_localization.egg-info/PKG-INFO
[2.290s] writing dependency_links to ../../build/mcl_localization/mcl_localization.egg-info/dependency_links.txt
[2.291s] writing requirements to ../../build/mcl_localization/mcl_localization.egg-info/requires.txt
[2.291s] writing top-level names to ../../build/mcl_localization/mcl_localization.egg-info/top_level.txt
[2.291s] writing manifest file '../../build/mcl_localization/mcl_localization.egg-info/SOURCES.txt'
[2.364s] reading manifest file '../../build/mcl_localization/mcl_localization.egg-info/SOURCES.txt'
[2.365s] adding license file 'LICENSE'
[2.366s] writing manifest file '../../build/mcl_localization/mcl_localization.egg-info/SOURCES.txt'
[2.366s] running build
[2.366s] running build_py
[2.366s] creating /home/felix/Schreibtisch/projects/robotics_hw2/build/mcl_localization/build
[2.367s] creating /home/felix/Schreibtisch/projects/robotics_hw2/build/mcl_localization/build/lib
[2.367s] creating /home/felix/Schreibtisch/projects/robotics_hw2/build/mcl_localization/build/lib/mcl_localization
[2.367s] copying mcl_localization/__init__.py -> /home/felix/Schreibtisch/projects/robotics_hw2/build/mcl_localization/build/lib/mcl_localization
[2.367s] running install
[2.376s] running install_lib
[2.410s] creating /home/felix/Schreibtisch/projects/robotics_hw2/install/mcl_localization/lib/python3.12/site-packages/mcl_localization
[2.410s] copying /home/felix/Schreibtisch/projects/robotics_hw2/build/mcl_localization/build/lib/mcl_localization/__init__.py -> /home/felix/Schreibtisch/projects/robotics_hw2/install/mcl_localization/lib/python3.12/site-packages/mcl_localization
[2.411s] byte-compiling /home/felix/Schreibtisch/projects/robotics_hw2/install/mcl_localization/lib/python3.12/site-packages/mcl_localization/__init__.py to __init__.cpython-312.pyc
[2.411s] running install_data
[2.411s] creating /home/felix/Schreibtisch/projects/robotics_hw2/install/mcl_localization/share/ament_index
[2.412s] creating /home/felix/Schreibtisch/projects/robotics_hw2/install/mcl_localization/share/ament_index/resource_index
[2.412s] creating /home/felix/Schreibtisch/projects/robotics_hw2/install/mcl_localization/share/ament_index/resource_index/packages
[2.412s] copying resource/mcl_localization -> /home/felix/Schreibtisch/projects/robotics_hw2/install/mcl_localization/share/ament_index/resource_index/packages
[2.412s] copying package.xml -> /home/felix/Schreibtisch/projects/robotics_hw2/install/mcl_localization/share/mcl_localization
[2.413s] running install_egg_info
[2.457s] Copying ../../build/mcl_localization/mcl_localization.egg-info to /home/felix/Schreibtisch/projects/robotics_hw2/install/mcl_localization/lib/python3.12/site-packages/mcl_localization-0.0.0-py3.12.egg-info
[2.458s] running install_scripts
[2.693s] writing list of installed files to '/home/felix/Schreibtisch/projects/robotics_hw2/build/mcl_localization/install.log'
[2.763s] Invoked command in '/home/felix/Schreibtisch/projects/robotics_hw2/src/mcl_localization' returned '0': PYTHONPATH=/home/felix/Schreibtisch/projects/robotics_hw2/build/mcl_localization/prefix_override:/usr/lib/python3/dist-packages/colcon_core/task/python/colcon_distutils_commands:/home/felix/Schreibtisch/projects/robotics_hw2/install/mcl_localization/lib/python3.12/site-packages:${PYTHONPATH} /usr/bin/python3 -W ignore:setup.py install is deprecated -W ignore:easy_install command is deprecated setup.py egg_info --egg-base ../../build/mcl_localization build --build-base /home/felix/Schreibtisch/projects/robotics_hw2/build/mcl_localization/build install --record /home/felix/Schreibtisch/projects/robotics_hw2/build/mcl_localization/install.log --single-version-externally-managed install_data
