[0.025s] Invoking command in '/home/felix/Schreibtisch/projects/robotics_hw2/build/fake_robot': CMAKE_PREFIX_PATH=${CMAKE_PREFIX_PATH}:/opt/ros/kilted /usr/bin/cmake /home/felix/Schreibtisch/projects/robotics_hw2/src/fake_robot -DCMAKE_INSTALL_PREFIX=/home/felix/Schreibtisch/projects/robotics_hw2/install/fake_robot
[0.288s] -- The C compiler identification is GNU 13.3.0
[0.455s] -- The CXX compiler identification is GNU 13.3.0
[0.482s] -- Detecting C compiler ABI info
[0.641s] -- Detecting C compiler ABI info - done
[0.659s] -- Check for working C compiler: /usr/bin/cc - skipped
[0.660s] -- Detecting C compile features
[0.663s] -- Detecting C compile features - done
[0.677s] -- Detecting CXX compiler ABI info
[0.840s] -- Detecting CXX compiler ABI info - done
[0.859s] -- Check for working CXX compiler: /usr/bin/c++ - skipped
[0.859s] -- Detecting CXX compile features
[0.860s] -- Detecting CXX compile features - done
[0.874s] -- Found ament_cmake: 2.7.3 (/opt/ros/kilted/share/ament_cmake/cmake)
[1.124s] -- Found Python3: /usr/bin/python3 (found version "3.12.3") found components: Interpreter 
[1.308s] -- Found rclcpp: 29.5.4 (/opt/ros/kilted/share/rclcpp/cmake)
[1.387s] -- Found rosidl_generator_c: 4.9.5 (/opt/ros/kilted/share/rosidl_generator_c/cmake)
[1.409s] -- Found rosidl_generator_cpp: 4.9.5 (/opt/ros/kilted/share/rosidl_generator_cpp/cmake)
[1.455s] -- Using all available rosidl_typesupport_c: rosidl_typesupport_fastrtps_c;rosidl_typesupport_introspection_c
[1.498s] -- Using all available rosidl_typesupport_cpp: rosidl_typesupport_fastrtps_cpp;rosidl_typesupport_introspection_cpp
[1.660s] -- Found rmw_implementation_cmake: 7.8.2 (/opt/ros/kilted/share/rmw_implementation_cmake/cmake)
[1.665s] -- Found rmw_fastrtps_cpp: 9.3.3 (/opt/ros/kilted/share/rmw_fastrtps_cpp/cmake)
[1.841s] -- Found OpenSSL: /usr/lib/x86_64-linux-gnu/libcrypto.so (found version "3.0.13")  
[1.858s] -- Using RMW implementation 'rmw_fastrtps_cpp' as default
[2.001s] -- Found geometry_msgs: 5.5.1 (/opt/ros/kilted/share/geometry_msgs/cmake)
[2.087s] -- Found sensor_msgs: 5.5.1 (/opt/ros/kilted/share/sensor_msgs/cmake)
[2.143s] -- Found nav_msgs: 5.5.1 (/opt/ros/kilted/share/nav_msgs/cmake)
[2.203s] -- Found tf2_ros: 0.41.4 (/opt/ros/kilted/share/tf2_ros/cmake)
[2.462s] [0mCMake Deprecation Warning at /opt/ros/kilted/share/ament_cmake_target_dependencies/cmake/ament_target_dependencies.cmake:87 (message):
[2.462s]   ament_target_dependencies() is deprecated.  Use target_link_libraries()
[2.462s]   with modern CMake targets instead.  Try replacing this call with:
[2.463s] 
[2.463s]     target_link_libraries(fake_robot PUBLIC
[2.463s]       ${geometry_msgs_TARGETS}
[2.463s]       ${nav_msgs_TARGETS}
[2.463s]       ${sensor_msgs_TARGETS}
[2.463s]       ${std_msgs_TARGETS}
[2.464s]       rclcpp::rclcpp
[2.464s]       sensor_msgs::sensor_msgs_library
[2.464s]       tf2_ros::static_transform_broadcaster_node
[2.464s]       tf2_ros::tf2_ros
[2.464s]     )
[2.465s] 
[2.465s] Call Stack (most recent call first):
[2.465s]   CMakeLists.txt:22 (ament_target_dependencies)
[2.465s] 
[2.465s] [0m
[2.470s] -- Found ament_lint_auto: 0.19.2 (/opt/ros/kilted/share/ament_lint_auto/cmake)
[2.648s] -- Added test 'cppcheck' to perform static code analysis on C / C++ code
[2.648s] -- Configured cppcheck include dirs: $<BUILD_INTERFACE:/home/felix/Schreibtisch/projects/robotics_hw2/src/fake_robot/include>
[2.648s] -- Configured cppcheck exclude dirs and/or files: 
[2.650s] -- Added test 'flake8' to check Python code syntax and style conventions
[2.650s] -- Configured 'flake8' exclude dirs and/or files: 
[2.652s] -- Added test 'lint_cmake' to check CMake code style
[2.653s] -- Added test 'pep257' to check Python code against some of the docstring style conventions in PEP 257
[2.657s] -- Added test 'uncrustify' to check C / C++ code style
[2.657s] -- Configured uncrustify additional arguments: 
[2.659s] -- Added test 'xmllint' to check XML markup files
[2.662s] -- Configuring done (2.6s)
[2.688s] -- Generating done (0.0s)
[2.698s] -- Build files have been written to: /home/felix/Schreibtisch/projects/robotics_hw2/build/fake_robot
[2.719s] Invoked command in '/home/felix/Schreibtisch/projects/robotics_hw2/build/fake_robot' returned '0': CMAKE_PREFIX_PATH=${CMAKE_PREFIX_PATH}:/opt/ros/kilted /usr/bin/cmake /home/felix/Schreibtisch/projects/robotics_hw2/src/fake_robot -DCMAKE_INSTALL_PREFIX=/home/felix/Schreibtisch/projects/robotics_hw2/install/fake_robot
[2.720s] Invoking command in '/home/felix/Schreibtisch/projects/robotics_hw2/build/fake_robot': CMAKE_PREFIX_PATH=${CMAKE_PREFIX_PATH}:/opt/ros/kilted /usr/bin/cmake --build /home/felix/Schreibtisch/projects/robotics_hw2/build/fake_robot -- -j4 -l4
[2.795s] [ 50%] [32mBuilding CXX object CMakeFiles/fake_robot.dir/src/fake_robot.cpp.o[0m
[12.851s] [100%] [32m[1mLinking CXX executable fake_robot[0m
[13.431s] [100%] Built target fake_robot
[13.454s] Invoked command in '/home/felix/Schreibtisch/projects/robotics_hw2/build/fake_robot' returned '0': CMAKE_PREFIX_PATH=${CMAKE_PREFIX_PATH}:/opt/ros/kilted /usr/bin/cmake --build /home/felix/Schreibtisch/projects/robotics_hw2/build/fake_robot -- -j4 -l4
[13.486s] Invoking command in '/home/felix/Schreibtisch/projects/robotics_hw2/build/fake_robot': CMAKE_PREFIX_PATH=${CMAKE_PREFIX_PATH}:/opt/ros/kilted /usr/bin/cmake --install /home/felix/Schreibtisch/projects/robotics_hw2/build/fake_robot
[13.501s] -- Install configuration: ""
[13.501s] -- Installing: /home/felix/Schreibtisch/projects/robotics_hw2/install/fake_robot/lib/fake_robot/fake_robot
[13.506s] -- Set non-toolchain portion of runtime path of "/home/felix/Schreibtisch/projects/robotics_hw2/install/fake_robot/lib/fake_robot/fake_robot" to ""
[13.506s] -- Installing: /home/felix/Schreibtisch/projects/robotics_hw2/install/fake_robot/share/fake_robot/launch
[13.506s] -- Installing: /home/felix/Schreibtisch/projects/robotics_hw2/install/fake_robot/share/fake_robot/launch/fake_robot.launch.py
[13.512s] -- Installing: /home/felix/Schreibtisch/projects/robotics_hw2/install/fake_robot/share/fake_robot/data
[13.512s] -- Installing: /home/felix/Schreibtisch/projects/robotics_hw2/install/fake_robot/share/fake_robot/data/landmarks.csv
[13.513s] -- Installing: /home/felix/Schreibtisch/projects/robotics_hw2/install/fake_robot/share/ament_index/resource_index/package_run_dependencies/fake_robot
[13.513s] -- Installing: /home/felix/Schreibtisch/projects/robotics_hw2/install/fake_robot/share/ament_index/resource_index/parent_prefix_path/fake_robot
[13.513s] -- Installing: /home/felix/Schreibtisch/projects/robotics_hw2/install/fake_robot/share/fake_robot/environment/ament_prefix_path.sh
[13.514s] -- Installing: /home/felix/Schreibtisch/projects/robotics_hw2/install/fake_robot/share/fake_robot/environment/ament_prefix_path.dsv
[13.514s] -- Installing: /home/felix/Schreibtisch/projects/robotics_hw2/install/fake_robot/share/fake_robot/environment/path.sh
[13.514s] -- Installing: /home/felix/Schreibtisch/projects/robotics_hw2/install/fake_robot/share/fake_robot/environment/path.dsv
[13.514s] -- Installing: /home/felix/Schreibtisch/projects/robotics_hw2/install/fake_robot/share/fake_robot/local_setup.bash
[13.518s] -- Installing: /home/felix/Schreibtisch/projects/robotics_hw2/install/fake_robot/share/fake_robot/local_setup.sh
[13.518s] -- Installing: /home/felix/Schreibtisch/projects/robotics_hw2/install/fake_robot/share/fake_robot/local_setup.zsh
[13.519s] -- Installing: /home/felix/Schreibtisch/projects/robotics_hw2/install/fake_robot/share/fake_robot/local_setup.dsv
[13.521s] -- Installing: /home/felix/Schreibtisch/projects/robotics_hw2/install/fake_robot/share/fake_robot/package.dsv
[13.522s] -- Installing: /home/felix/Schreibtisch/projects/robotics_hw2/install/fake_robot/share/ament_index/resource_index/packages/fake_robot
[13.522s] -- Installing: /home/felix/Schreibtisch/projects/robotics_hw2/install/fake_robot/share/fake_robot/cmake/fake_robotConfig.cmake
[13.522s] -- Installing: /home/felix/Schreibtisch/projects/robotics_hw2/install/fake_robot/share/fake_robot/cmake/fake_robotConfig-version.cmake
[13.522s] -- Installing: /home/felix/Schreibtisch/projects/robotics_hw2/install/fake_robot/share/fake_robot/package.xml
[13.526s] Invoked command in '/home/felix/Schreibtisch/projects/robotics_hw2/build/fake_robot' returned '0': CMAKE_PREFIX_PATH=${CMAKE_PREFIX_PATH}:/opt/ros/kilted /usr/bin/cmake --install /home/felix/Schreibtisch/projects/robotics_hw2/build/fake_robot
