[0.217s] DEBUG:colcon:Command line arguments: ['/usr/bin/colcon', 'build']
[0.217s] DEBUG:colcon:Parsed command line arguments: Namespace(log_base=None, log_level=None, verb_name='build', build_base='build', install_base='install', merge_install=False, symlink_install=False, test_result_base=None, continue_on_error=False, executor='parallel', parallel_workers=4, event_handlers=None, ignore_user_meta=False, metas=['./colcon.meta'], base_paths=['.'], packages_ignore=None, packages_ignore_regex=None, paths=None, packages_up_to=None, packages_up_to_regex=None, packages_above=None, packages_above_and_dependencies=None, packages_above_depth=None, packages_select_by_dep=None, packages_skip_by_dep=None, packages_skip_up_to=None, packages_select_build_failed=False, packages_skip_build_finished=False, packages_select_test_failures=False, packages_skip_test_passed=False, packages_select=None, packages_skip=None, packages_select_regex=None, packages_skip_regex=None, packages_start=None, packages_end=None, allow_overriding=[], cmake_args=None, cmake_target=None, cmake_target_skip_unavailable=False, cmake_clean_cache=False, cmake_clean_first=False, cmake_force_configure=False, ament_cmake_args=None, catkin_cmake_args=None, catkin_skip_building_tests=False, mixin_files=None, mixin=None, verb_parser=<colcon_mixin.mixin.mixin_argument.MixinArgumentDecorator object at 0x7bc420191eb0>, verb_extension=<colcon_core.verb.build.BuildVerb object at 0x7bc4202aa840>, main=<bound method BuildVerb.main of <colcon_core.verb.build.BuildVerb object at 0x7bc4202aa840>>, mixin_verb=('build',))
[0.296s] Level 1:colcon.colcon_core.package_discovery:discover_packages(colcon_meta) check parameters
[0.296s] Level 1:colcon.colcon_core.package_discovery:discover_packages(recursive) check parameters
[0.296s] Level 1:colcon.colcon_core.package_discovery:discover_packages(ignore) check parameters
[0.296s] Level 1:colcon.colcon_core.package_discovery:discover_packages(path) check parameters
[0.296s] Level 1:colcon.colcon_core.package_discovery:discover_packages(colcon_meta) discover
[0.296s] Level 1:colcon.colcon_core.package_discovery:discover_packages(recursive) discover
[0.296s] INFO:colcon.colcon_core.package_discovery:Crawling recursively for packages in '/home/felix/Schreibtisch/projects/robotics_hw2'
[0.296s] Level 1:colcon.colcon_core.package_identification:_identify(.) by extensions ['ignore', 'ignore_ament_install']
[0.296s] Level 1:colcon.colcon_core.package_identification:_identify(.) by extension 'ignore'
[0.296s] Level 1:colcon.colcon_core.package_identification:_identify(.) by extension 'ignore_ament_install'
[0.296s] Level 1:colcon.colcon_core.package_identification:_identify(.) by extensions ['colcon_pkg']
[0.296s] Level 1:colcon.colcon_core.package_identification:_identify(.) by extension 'colcon_pkg'
[0.297s] Level 1:colcon.colcon_core.package_identification:_identify(.) by extensions ['colcon_meta']
[0.297s] Level 1:colcon.colcon_core.package_identification:_identify(.) by extension 'colcon_meta'
[0.297s] Level 1:colcon.colcon_core.package_identification:_identify(.) by extensions ['ros']
[0.297s] Level 1:colcon.colcon_core.package_identification:_identify(.) by extension 'ros'
[0.327s] Level 1:colcon.colcon_core.package_identification:_identify(.) by extensions ['cmake', 'python']
[0.327s] Level 1:colcon.colcon_core.package_identification:_identify(.) by extension 'cmake'
[0.327s] Level 1:colcon.colcon_core.package_identification:_identify(.) by extension 'python'
[0.328s] Level 1:colcon.colcon_core.package_identification:_identify(.) by extensions ['python_setup_py']
[0.328s] Level 1:colcon.colcon_core.package_identification:_identify(.) by extension 'python_setup_py'
[0.328s] Level 1:colcon.colcon_core.package_identification:_identify(build) by extensions ['ignore', 'ignore_ament_install']
[0.328s] Level 1:colcon.colcon_core.package_identification:_identify(build) by extension 'ignore'
[0.328s] Level 1:colcon.colcon_core.package_identification:_identify(build) ignored
[0.328s] Level 1:colcon.colcon_core.package_identification:_identify(install) by extensions ['ignore', 'ignore_ament_install']
[0.328s] Level 1:colcon.colcon_core.package_identification:_identify(install) by extension 'ignore'
[0.328s] Level 1:colcon.colcon_core.package_identification:_identify(install) ignored
[0.328s] Level 1:colcon.colcon_core.package_identification:_identify(log) by extensions ['ignore', 'ignore_ament_install']
[0.328s] Level 1:colcon.colcon_core.package_identification:_identify(log) by extension 'ignore'
[0.328s] Level 1:colcon.colcon_core.package_identification:_identify(log) ignored
[0.329s] Level 1:colcon.colcon_core.package_identification:_identify(src) by extensions ['ignore', 'ignore_ament_install']
[0.329s] Level 1:colcon.colcon_core.package_identification:_identify(src) by extension 'ignore'
[0.329s] Level 1:colcon.colcon_core.package_identification:_identify(src) by extension 'ignore_ament_install'
[0.329s] Level 1:colcon.colcon_core.package_identification:_identify(src) by extensions ['colcon_pkg']
[0.329s] Level 1:colcon.colcon_core.package_identification:_identify(src) by extension 'colcon_pkg'
[0.329s] Level 1:colcon.colcon_core.package_identification:_identify(src) by extensions ['colcon_meta']
[0.329s] Level 1:colcon.colcon_core.package_identification:_identify(src) by extension 'colcon_meta'
[0.329s] Level 1:colcon.colcon_core.package_identification:_identify(src) by extensions ['ros']
[0.329s] Level 1:colcon.colcon_core.package_identification:_identify(src) by extension 'ros'
[0.329s] Level 1:colcon.colcon_core.package_identification:_identify(src) by extensions ['cmake', 'python']
[0.329s] Level 1:colcon.colcon_core.package_identification:_identify(src) by extension 'cmake'
[0.329s] Level 1:colcon.colcon_core.package_identification:_identify(src) by extension 'python'
[0.329s] Level 1:colcon.colcon_core.package_identification:_identify(src) by extensions ['python_setup_py']
[0.329s] Level 1:colcon.colcon_core.package_identification:_identify(src) by extension 'python_setup_py'
[0.329s] Level 1:colcon.colcon_core.package_identification:_identify(src/fake_robot) by extensions ['ignore', 'ignore_ament_install']
[0.329s] Level 1:colcon.colcon_core.package_identification:_identify(src/fake_robot) by extension 'ignore'
[0.330s] Level 1:colcon.colcon_core.package_identification:_identify(src/fake_robot) by extension 'ignore_ament_install'
[0.330s] Level 1:colcon.colcon_core.package_identification:_identify(src/fake_robot) by extensions ['colcon_pkg']
[0.330s] Level 1:colcon.colcon_core.package_identification:_identify(src/fake_robot) by extension 'colcon_pkg'
[0.330s] Level 1:colcon.colcon_core.package_identification:_identify(src/fake_robot) by extensions ['colcon_meta']
[0.330s] Level 1:colcon.colcon_core.package_identification:_identify(src/fake_robot) by extension 'colcon_meta'
[0.330s] Level 1:colcon.colcon_core.package_identification:_identify(src/fake_robot) by extensions ['ros']
[0.330s] Level 1:colcon.colcon_core.package_identification:_identify(src/fake_robot) by extension 'ros'
[0.335s] DEBUG:colcon.colcon_core.package_identification:Package 'src/fake_robot' with type 'ros.ament_cmake' and name 'fake_robot'
[0.335s] Level 1:colcon.colcon_core.package_identification:_identify(src/mcl_localization) by extensions ['ignore', 'ignore_ament_install']
[0.335s] Level 1:colcon.colcon_core.package_identification:_identify(src/mcl_localization) by extension 'ignore'
[0.335s] Level 1:colcon.colcon_core.package_identification:_identify(src/mcl_localization) by extension 'ignore_ament_install'
[0.336s] Level 1:colcon.colcon_core.package_identification:_identify(src/mcl_localization) by extensions ['colcon_pkg']
[0.336s] Level 1:colcon.colcon_core.package_identification:_identify(src/mcl_localization) by extension 'colcon_pkg'
[0.336s] Level 1:colcon.colcon_core.package_identification:_identify(src/mcl_localization) by extensions ['colcon_meta']
[0.336s] Level 1:colcon.colcon_core.package_identification:_identify(src/mcl_localization) by extension 'colcon_meta'
[0.336s] Level 1:colcon.colcon_core.package_identification:_identify(src/mcl_localization) by extensions ['ros']
[0.336s] Level 1:colcon.colcon_core.package_identification:_identify(src/mcl_localization) by extension 'ros'
[0.337s] DEBUG:colcon.colcon_core.package_identification:Package 'src/mcl_localization' with type 'ros.ament_python' and name 'mcl_localization'
[0.337s] Level 1:colcon.colcon_core.package_discovery:discover_packages(recursive) using defaults
[0.337s] Level 1:colcon.colcon_core.package_discovery:discover_packages(ignore) discover
[0.337s] Level 1:colcon.colcon_core.package_discovery:discover_packages(ignore) using defaults
[0.337s] Level 1:colcon.colcon_core.package_discovery:discover_packages(path) discover
[0.337s] Level 1:colcon.colcon_core.package_discovery:discover_packages(path) using defaults
[0.366s] Level 1:colcon.colcon_core.package_discovery:discover_packages(prefix_path) check parameters
[0.366s] Level 1:colcon.colcon_core.package_discovery:discover_packages(prefix_path) discover
[0.373s] DEBUG:colcon.colcon_installed_package_information.package_discovery:Found 322 installed packages in /opt/ros/kilted
[0.375s] Level 1:colcon.colcon_core.package_discovery:discover_packages(prefix_path) using defaults
[0.444s] Level 5:colcon.colcon_core.verb:set package 'fake_robot' build argument 'cmake_args' from command line to 'None'
[0.444s] Level 5:colcon.colcon_core.verb:set package 'fake_robot' build argument 'cmake_target' from command line to 'None'
[0.444s] Level 5:colcon.colcon_core.verb:set package 'fake_robot' build argument 'cmake_target_skip_unavailable' from command line to 'False'
[0.444s] Level 5:colcon.colcon_core.verb:set package 'fake_robot' build argument 'cmake_clean_cache' from command line to 'False'
[0.444s] Level 5:colcon.colcon_core.verb:set package 'fake_robot' build argument 'cmake_clean_first' from command line to 'False'
[0.444s] Level 5:colcon.colcon_core.verb:set package 'fake_robot' build argument 'cmake_force_configure' from command line to 'False'
[0.444s] Level 5:colcon.colcon_core.verb:set package 'fake_robot' build argument 'ament_cmake_args' from command line to 'None'
[0.444s] Level 5:colcon.colcon_core.verb:set package 'fake_robot' build argument 'catkin_cmake_args' from command line to 'None'
[0.444s] Level 5:colcon.colcon_core.verb:set package 'fake_robot' build argument 'catkin_skip_building_tests' from command line to 'False'
[0.444s] DEBUG:colcon.colcon_core.verb:Building package 'fake_robot' with the following arguments: {'ament_cmake_args': None, 'build_base': '/home/felix/Schreibtisch/projects/robotics_hw2/build/fake_robot', 'catkin_cmake_args': None, 'catkin_skip_building_tests': False, 'cmake_args': None, 'cmake_clean_cache': False, 'cmake_clean_first': False, 'cmake_force_configure': False, 'cmake_target': None, 'cmake_target_skip_unavailable': False, 'install_base': '/home/felix/Schreibtisch/projects/robotics_hw2/install/fake_robot', 'merge_install': False, 'path': '/home/felix/Schreibtisch/projects/robotics_hw2/src/fake_robot', 'symlink_install': False, 'test_result_base': None}
[0.445s] Level 5:colcon.colcon_core.verb:set package 'mcl_localization' build argument 'cmake_args' from command line to 'None'
[0.445s] Level 5:colcon.colcon_core.verb:set package 'mcl_localization' build argument 'cmake_target' from command line to 'None'
[0.445s] Level 5:colcon.colcon_core.verb:set package 'mcl_localization' build argument 'cmake_target_skip_unavailable' from command line to 'False'
[0.445s] Level 5:colcon.colcon_core.verb:set package 'mcl_localization' build argument 'cmake_clean_cache' from command line to 'False'
[0.445s] Level 5:colcon.colcon_core.verb:set package 'mcl_localization' build argument 'cmake_clean_first' from command line to 'False'
[0.445s] Level 5:colcon.colcon_core.verb:set package 'mcl_localization' build argument 'cmake_force_configure' from command line to 'False'
[0.445s] Level 5:colcon.colcon_core.verb:set package 'mcl_localization' build argument 'ament_cmake_args' from command line to 'None'
[0.445s] Level 5:colcon.colcon_core.verb:set package 'mcl_localization' build argument 'catkin_cmake_args' from command line to 'None'
[0.445s] Level 5:colcon.colcon_core.verb:set package 'mcl_localization' build argument 'catkin_skip_building_tests' from command line to 'False'
[0.445s] DEBUG:colcon.colcon_core.verb:Building package 'mcl_localization' with the following arguments: {'ament_cmake_args': None, 'build_base': '/home/felix/Schreibtisch/projects/robotics_hw2/build/mcl_localization', 'catkin_cmake_args': None, 'catkin_skip_building_tests': False, 'cmake_args': None, 'cmake_clean_cache': False, 'cmake_clean_first': False, 'cmake_force_configure': False, 'cmake_target': None, 'cmake_target_skip_unavailable': False, 'install_base': '/home/felix/Schreibtisch/projects/robotics_hw2/install/mcl_localization', 'merge_install': False, 'path': '/home/felix/Schreibtisch/projects/robotics_hw2/src/mcl_localization', 'symlink_install': False, 'test_result_base': None}
[0.445s] INFO:colcon.colcon_core.executor:Executing jobs using 'parallel' executor
[0.447s] DEBUG:colcon.colcon_parallel_executor.executor.parallel:run_until_complete
[0.447s] INFO:colcon.colcon_ros.task.ament_cmake.build:Building ROS package in '/home/felix/Schreibtisch/projects/robotics_hw2/src/fake_robot' with build type 'ament_cmake'
[0.447s] INFO:colcon.colcon_cmake.task.cmake.build:Building CMake package in '/home/felix/Schreibtisch/projects/robotics_hw2/src/fake_robot'
[0.451s] INFO:colcon.colcon_core.plugin_system:Skipping extension 'colcon_core.shell.bat': Not used on non-Windows systems
[0.452s] INFO:colcon.colcon_core.shell:Skip shell extension 'powershell' for command environment: Not usable outside of PowerShell
[0.452s] DEBUG:colcon.colcon_core.shell:Skip shell extension 'dsv' for command environment
[0.457s] INFO:colcon.colcon_ros.task.ament_python.build:Building ROS package in '/home/felix/Schreibtisch/projects/robotics_hw2/src/mcl_localization' with build type 'ament_python'
[0.457s] Level 1:colcon.colcon_core.shell:create_environment_hook('mcl_localization', 'ament_prefix_path')
[0.457s] INFO:colcon.colcon_core.shell:Creating environment hook '/home/felix/Schreibtisch/projects/robotics_hw2/install/mcl_localization/share/mcl_localization/hook/ament_prefix_path.ps1'
[0.459s] INFO:colcon.colcon_core.shell:Creating environment descriptor '/home/felix/Schreibtisch/projects/robotics_hw2/install/mcl_localization/share/mcl_localization/hook/ament_prefix_path.dsv'
[0.460s] INFO:colcon.colcon_core.shell:Creating environment hook '/home/felix/Schreibtisch/projects/robotics_hw2/install/mcl_localization/share/mcl_localization/hook/ament_prefix_path.sh'
[0.461s] INFO:colcon.colcon_core.shell:Skip shell extension 'powershell' for command environment: Not usable outside of PowerShell
[0.461s] DEBUG:colcon.colcon_core.shell:Skip shell extension 'dsv' for command environment
[0.473s] DEBUG:colcon.colcon_core.event_handler.log_command:Invoking command in '/home/felix/Schreibtisch/projects/robotics_hw2/build/fake_robot': CMAKE_PREFIX_PATH=${CMAKE_PREFIX_PATH}:/opt/ros/kilted /usr/bin/cmake /home/felix/Schreibtisch/projects/robotics_hw2/src/fake_robot -DCMAKE_INSTALL_PREFIX=/home/felix/Schreibtisch/projects/robotics_hw2/install/fake_robot
[0.911s] INFO:colcon.colcon_core.task.python.build:Building Python package in '/home/felix/Schreibtisch/projects/robotics_hw2/src/mcl_localization'
[0.912s] INFO:colcon.colcon_core.shell:Skip shell extension 'powershell' for command environment: Not usable outside of PowerShell
[0.912s] DEBUG:colcon.colcon_core.shell:Skip shell extension 'dsv' for command environment
[2.238s] DEBUG:colcon.colcon_core.event_handler.log_command:Invoking command in '/home/felix/Schreibtisch/projects/robotics_hw2/src/mcl_localization': PYTHONPATH=/home/felix/Schreibtisch/projects/robotics_hw2/build/mcl_localization/prefix_override:/usr/lib/python3/dist-packages/colcon_core/task/python/colcon_distutils_commands:/home/felix/Schreibtisch/projects/robotics_hw2/install/mcl_localization/lib/python3.12/site-packages:${PYTHONPATH} /usr/bin/python3 -W ignore:setup.py install is deprecated -W ignore:easy_install command is deprecated setup.py egg_info --egg-base ../../build/mcl_localization build --build-base /home/felix/Schreibtisch/projects/robotics_hw2/build/mcl_localization/build install --record /home/felix/Schreibtisch/projects/robotics_hw2/build/mcl_localization/install.log --single-version-externally-managed install_data
[3.166s] DEBUG:colcon.colcon_core.event_handler.log_command:Invoked command in '/home/felix/Schreibtisch/projects/robotics_hw2/build/fake_robot' returned '0': CMAKE_PREFIX_PATH=${CMAKE_PREFIX_PATH}:/opt/ros/kilted /usr/bin/cmake /home/felix/Schreibtisch/projects/robotics_hw2/src/fake_robot -DCMAKE_INSTALL_PREFIX=/home/felix/Schreibtisch/projects/robotics_hw2/install/fake_robot
[3.168s] DEBUG:colcon.colcon_core.event_handler.log_command:Invoking command in '/home/felix/Schreibtisch/projects/robotics_hw2/build/fake_robot': CMAKE_PREFIX_PATH=${CMAKE_PREFIX_PATH}:/opt/ros/kilted /usr/bin/cmake --build /home/felix/Schreibtisch/projects/robotics_hw2/build/fake_robot -- -j4 -l4
[3.220s] DEBUG:colcon.colcon_core.event_handler.log_command:Invoked command in '/home/felix/Schreibtisch/projects/robotics_hw2/src/mcl_localization' returned '0': PYTHONPATH=/home/felix/Schreibtisch/projects/robotics_hw2/build/mcl_localization/prefix_override:/usr/lib/python3/dist-packages/colcon_core/task/python/colcon_distutils_commands:/home/felix/Schreibtisch/projects/robotics_hw2/install/mcl_localization/lib/python3.12/site-packages:${PYTHONPATH} /usr/bin/python3 -W ignore:setup.py install is deprecated -W ignore:easy_install command is deprecated setup.py egg_info --egg-base ../../build/mcl_localization build --build-base /home/felix/Schreibtisch/projects/robotics_hw2/build/mcl_localization/build install --record /home/felix/Schreibtisch/projects/robotics_hw2/build/mcl_localization/install.log --single-version-externally-managed install_data
[3.225s] Level 1:colcon.colcon_core.environment:checking '/home/felix/Schreibtisch/projects/robotics_hw2/install/mcl_localization' for CMake module files
[3.226s] Level 1:colcon.colcon_core.environment:checking '/home/felix/Schreibtisch/projects/robotics_hw2/install/mcl_localization' for CMake config files
[3.227s] Level 1:colcon.colcon_core.environment:checking '/home/felix/Schreibtisch/projects/robotics_hw2/install/mcl_localization/lib'
[3.227s] Level 1:colcon.colcon_core.environment:checking '/home/felix/Schreibtisch/projects/robotics_hw2/install/mcl_localization/bin'
[3.227s] Level 1:colcon.colcon_core.environment:checking '/home/felix/Schreibtisch/projects/robotics_hw2/install/mcl_localization/lib/pkgconfig/mcl_localization.pc'
[3.227s] Level 1:colcon.colcon_core.environment:checking '/home/felix/Schreibtisch/projects/robotics_hw2/install/mcl_localization/lib/python3.12/site-packages'
[3.227s] Level 1:colcon.colcon_core.shell:create_environment_hook('mcl_localization', 'pythonpath')
[3.228s] INFO:colcon.colcon_core.shell:Creating environment hook '/home/felix/Schreibtisch/projects/robotics_hw2/install/mcl_localization/share/mcl_localization/hook/pythonpath.ps1'
[3.228s] INFO:colcon.colcon_core.shell:Creating environment descriptor '/home/felix/Schreibtisch/projects/robotics_hw2/install/mcl_localization/share/mcl_localization/hook/pythonpath.dsv'
[3.228s] INFO:colcon.colcon_core.shell:Creating environment hook '/home/felix/Schreibtisch/projects/robotics_hw2/install/mcl_localization/share/mcl_localization/hook/pythonpath.sh'
[3.229s] Level 1:colcon.colcon_core.environment:checking '/home/felix/Schreibtisch/projects/robotics_hw2/install/mcl_localization/bin'
[3.229s] Level 1:colcon.colcon_core.environment:create_environment_scripts_only(mcl_localization)
[3.230s] INFO:colcon.colcon_core.shell:Creating package script '/home/felix/Schreibtisch/projects/robotics_hw2/install/mcl_localization/share/mcl_localization/package.ps1'
[3.231s] INFO:colcon.colcon_core.shell:Creating package descriptor '/home/felix/Schreibtisch/projects/robotics_hw2/install/mcl_localization/share/mcl_localization/package.dsv'
[3.232s] INFO:colcon.colcon_core.shell:Creating package script '/home/felix/Schreibtisch/projects/robotics_hw2/install/mcl_localization/share/mcl_localization/package.sh'
[3.233s] INFO:colcon.colcon_core.shell:Creating package script '/home/felix/Schreibtisch/projects/robotics_hw2/install/mcl_localization/share/mcl_localization/package.bash'
[3.234s] INFO:colcon.colcon_core.shell:Creating package script '/home/felix/Schreibtisch/projects/robotics_hw2/install/mcl_localization/share/mcl_localization/package.zsh'
[3.234s] Level 1:colcon.colcon_core.environment:create_file_with_runtime_dependencies(/home/felix/Schreibtisch/projects/robotics_hw2/install/mcl_localization/share/colcon-core/packages/mcl_localization)
[13.901s] DEBUG:colcon.colcon_core.event_handler.log_command:Invoked command in '/home/felix/Schreibtisch/projects/robotics_hw2/build/fake_robot' returned '0': CMAKE_PREFIX_PATH=${CMAKE_PREFIX_PATH}:/opt/ros/kilted /usr/bin/cmake --build /home/felix/Schreibtisch/projects/robotics_hw2/build/fake_robot -- -j4 -l4
[13.934s] DEBUG:colcon.colcon_core.event_handler.log_command:Invoking command in '/home/felix/Schreibtisch/projects/robotics_hw2/build/fake_robot': CMAKE_PREFIX_PATH=${CMAKE_PREFIX_PATH}:/opt/ros/kilted /usr/bin/cmake --install /home/felix/Schreibtisch/projects/robotics_hw2/build/fake_robot
[13.972s] Level 1:colcon.colcon_core.environment:create_environment_scripts_only(fake_robot)
[13.972s] Level 1:colcon.colcon_core.environment:checking '/home/felix/Schreibtisch/projects/robotics_hw2/install/fake_robot' for CMake module files
[13.973s] DEBUG:colcon.colcon_core.event_handler.log_command:Invoked command in '/home/felix/Schreibtisch/projects/robotics_hw2/build/fake_robot' returned '0': CMAKE_PREFIX_PATH=${CMAKE_PREFIX_PATH}:/opt/ros/kilted /usr/bin/cmake --install /home/felix/Schreibtisch/projects/robotics_hw2/build/fake_robot
[13.975s] Level 1:colcon.colcon_core.environment:checking '/home/felix/Schreibtisch/projects/robotics_hw2/install/fake_robot' for CMake config files
[13.975s] Level 1:colcon.colcon_core.shell:create_environment_hook('fake_robot', 'cmake_prefix_path')
[13.976s] INFO:colcon.colcon_core.shell:Creating environment hook '/home/felix/Schreibtisch/projects/robotics_hw2/install/fake_robot/share/fake_robot/hook/cmake_prefix_path.ps1'
[13.976s] INFO:colcon.colcon_core.shell:Creating environment descriptor '/home/felix/Schreibtisch/projects/robotics_hw2/install/fake_robot/share/fake_robot/hook/cmake_prefix_path.dsv'
[13.977s] INFO:colcon.colcon_core.shell:Creating environment hook '/home/felix/Schreibtisch/projects/robotics_hw2/install/fake_robot/share/fake_robot/hook/cmake_prefix_path.sh'
[13.977s] Level 1:colcon.colcon_core.environment:checking '/home/felix/Schreibtisch/projects/robotics_hw2/install/fake_robot/lib'
[13.978s] Level 1:colcon.colcon_core.environment:checking '/home/felix/Schreibtisch/projects/robotics_hw2/install/fake_robot/bin'
[13.978s] Level 1:colcon.colcon_core.environment:checking '/home/felix/Schreibtisch/projects/robotics_hw2/install/fake_robot/lib/pkgconfig/fake_robot.pc'
[13.978s] Level 1:colcon.colcon_core.environment:checking '/home/felix/Schreibtisch/projects/robotics_hw2/install/fake_robot/lib/python3.12/site-packages'
[13.978s] Level 1:colcon.colcon_core.environment:checking '/home/felix/Schreibtisch/projects/robotics_hw2/install/fake_robot/bin'
[13.979s] INFO:colcon.colcon_core.shell:Creating package script '/home/felix/Schreibtisch/projects/robotics_hw2/install/fake_robot/share/fake_robot/package.ps1'
[13.979s] INFO:colcon.colcon_core.shell:Creating package descriptor '/home/felix/Schreibtisch/projects/robotics_hw2/install/fake_robot/share/fake_robot/package.dsv'
[13.980s] INFO:colcon.colcon_core.shell:Creating package script '/home/felix/Schreibtisch/projects/robotics_hw2/install/fake_robot/share/fake_robot/package.sh'
[13.980s] INFO:colcon.colcon_core.shell:Creating package script '/home/felix/Schreibtisch/projects/robotics_hw2/install/fake_robot/share/fake_robot/package.bash'
[13.981s] INFO:colcon.colcon_core.shell:Creating package script '/home/felix/Schreibtisch/projects/robotics_hw2/install/fake_robot/share/fake_robot/package.zsh'
[13.981s] Level 1:colcon.colcon_core.environment:create_file_with_runtime_dependencies(/home/felix/Schreibtisch/projects/robotics_hw2/install/fake_robot/share/colcon-core/packages/fake_robot)
[13.982s] Level 1:colcon.colcon_core.environment:create_environment_scripts_only(fake_robot)
[13.982s] Level 1:colcon.colcon_core.environment:checking '/home/felix/Schreibtisch/projects/robotics_hw2/install/fake_robot' for CMake module files
[13.983s] Level 1:colcon.colcon_core.environment:checking '/home/felix/Schreibtisch/projects/robotics_hw2/install/fake_robot' for CMake config files
[13.983s] Level 1:colcon.colcon_core.shell:create_environment_hook('fake_robot', 'cmake_prefix_path')
[13.984s] INFO:colcon.colcon_core.shell:Creating environment hook '/home/felix/Schreibtisch/projects/robotics_hw2/install/fake_robot/share/fake_robot/hook/cmake_prefix_path.ps1'
[13.984s] INFO:colcon.colcon_core.shell:Creating environment descriptor '/home/felix/Schreibtisch/projects/robotics_hw2/install/fake_robot/share/fake_robot/hook/cmake_prefix_path.dsv'
[13.985s] INFO:colcon.colcon_core.shell:Creating environment hook '/home/felix/Schreibtisch/projects/robotics_hw2/install/fake_robot/share/fake_robot/hook/cmake_prefix_path.sh'
[13.987s] Level 1:colcon.colcon_core.environment:checking '/home/felix/Schreibtisch/projects/robotics_hw2/install/fake_robot/lib'
[13.987s] Level 1:colcon.colcon_core.environment:checking '/home/felix/Schreibtisch/projects/robotics_hw2/install/fake_robot/bin'
[13.987s] Level 1:colcon.colcon_core.environment:checking '/home/felix/Schreibtisch/projects/robotics_hw2/install/fake_robot/lib/pkgconfig/fake_robot.pc'
[13.987s] Level 1:colcon.colcon_core.environment:checking '/home/felix/Schreibtisch/projects/robotics_hw2/install/fake_robot/lib/python3.12/site-packages'
[13.988s] Level 1:colcon.colcon_core.environment:checking '/home/felix/Schreibtisch/projects/robotics_hw2/install/fake_robot/bin'
[13.988s] INFO:colcon.colcon_core.shell:Creating package script '/home/felix/Schreibtisch/projects/robotics_hw2/install/fake_robot/share/fake_robot/package.ps1'
[13.989s] INFO:colcon.colcon_core.shell:Creating package descriptor '/home/felix/Schreibtisch/projects/robotics_hw2/install/fake_robot/share/fake_robot/package.dsv'
[13.989s] INFO:colcon.colcon_core.shell:Creating package script '/home/felix/Schreibtisch/projects/robotics_hw2/install/fake_robot/share/fake_robot/package.sh'
[13.990s] INFO:colcon.colcon_core.shell:Creating package script '/home/felix/Schreibtisch/projects/robotics_hw2/install/fake_robot/share/fake_robot/package.bash'
[13.990s] INFO:colcon.colcon_core.shell:Creating package script '/home/felix/Schreibtisch/projects/robotics_hw2/install/fake_robot/share/fake_robot/package.zsh'
[13.991s] Level 1:colcon.colcon_core.environment:create_file_with_runtime_dependencies(/home/felix/Schreibtisch/projects/robotics_hw2/install/fake_robot/share/colcon-core/packages/fake_robot)
[13.991s] DEBUG:colcon.colcon_parallel_executor.executor.parallel:closing loop
[13.992s] DEBUG:colcon.colcon_parallel_executor.executor.parallel:loop closed
[13.992s] DEBUG:colcon.colcon_parallel_executor.executor.parallel:run_until_complete finished with '0'
[13.992s] DEBUG:colcon.colcon_core.event_reactor:joining thread
[14.026s] INFO:colcon.colcon_core.plugin_system:Skipping extension 'colcon_notification.desktop_notification.terminal_notifier': Not used on non-Darwin systems
[14.027s] INFO:colcon.colcon_core.plugin_system:Skipping extension 'colcon_notification.desktop_notification.win32': Not used on non-Windows systems
[14.027s] INFO:colcon.colcon_notification.desktop_notification:Sending desktop notification using 'notify2'
[14.115s] DEBUG:colcon.colcon_core.event_reactor:joined thread
[14.116s] INFO:colcon.colcon_core.shell:Creating prefix script '/home/felix/Schreibtisch/projects/robotics_hw2/install/local_setup.ps1'
[14.117s] INFO:colcon.colcon_core.shell:Creating prefix util module '/home/felix/Schreibtisch/projects/robotics_hw2/install/_local_setup_util_ps1.py'
[14.120s] INFO:colcon.colcon_core.shell:Creating prefix chain script '/home/felix/Schreibtisch/projects/robotics_hw2/install/setup.ps1'
[14.124s] INFO:colcon.colcon_core.shell:Creating prefix script '/home/felix/Schreibtisch/projects/robotics_hw2/install/local_setup.sh'
[14.126s] INFO:colcon.colcon_core.shell:Creating prefix util module '/home/felix/Schreibtisch/projects/robotics_hw2/install/_local_setup_util_sh.py'
[14.127s] INFO:colcon.colcon_core.shell:Creating prefix chain script '/home/felix/Schreibtisch/projects/robotics_hw2/install/setup.sh'
[14.129s] INFO:colcon.colcon_core.shell:Creating prefix script '/home/felix/Schreibtisch/projects/robotics_hw2/install/local_setup.bash'
[14.131s] INFO:colcon.colcon_core.shell:Creating prefix chain script '/home/felix/Schreibtisch/projects/robotics_hw2/install/setup.bash'
[14.133s] INFO:colcon.colcon_core.shell:Creating prefix script '/home/felix/Schreibtisch/projects/robotics_hw2/install/local_setup.zsh'
[14.134s] INFO:colcon.colcon_core.shell:Creating prefix chain script '/home/felix/Schreibtisch/projects/robotics_hw2/install/setup.zsh'
