[0.022s] Invoking command in '/home/felix/Schreibtisch/projects/robotics_hw2/build/fake_robot': CMAKE_PREFIX_PATH=${CMAKE_PREFIX_PATH}:/opt/ros/kilted /usr/bin/cmake /home/felix/Schreibtisch/projects/robotics_hw2/src/fake_robot -DAMENT_CMAKE_SYMLINK_INSTALL=1 -DCMAKE_INSTALL_PREFIX=/home/felix/Schreibtisch/projects/robotics_hw2/install/fake_robot
[0.047s] -- Found ament_cmake: 2.7.3 (/opt/ros/kilted/share/ament_cmake/cmake)
[0.395s] -- Override CMake install command with custom implementation using symlinks instead of copying resources
[0.408s] -- Found rclcpp: 29.5.4 (/opt/ros/kilted/share/rclcpp/cmake)
[0.481s] -- Found rosidl_generator_c: 4.9.5 (/opt/ros/kilted/share/rosidl_generator_c/cmake)
[0.499s] -- Found rosidl_generator_cpp: 4.9.5 (/opt/ros/kilted/share/rosidl_generator_cpp/cmake)
[0.520s] -- Using all available rosidl_typesupport_c: rosidl_typesupport_fastrtps_c;rosidl_typesupport_introspection_c
[0.544s] -- Using all available rosidl_typesupport_cpp: rosidl_typesupport_fastrtps_cpp;rosidl_typesupport_introspection_cpp
[0.650s] -- Found rmw_implementation_cmake: 7.8.2 (/opt/ros/kilted/share/rmw_implementation_cmake/cmake)
[0.652s] -- Found rmw_fastrtps_cpp: 9.3.3 (/opt/ros/kilted/share/rmw_fastrtps_cpp/cmake)
[0.713s] -- Using RMW implementation 'rmw_fastrtps_cpp' as default
[0.828s] -- Found geometry_msgs: 5.5.1 (/opt/ros/kilted/share/geometry_msgs/cmake)
[0.878s] -- Found sensor_msgs: 5.5.1 (/opt/ros/kilted/share/sensor_msgs/cmake)
[0.916s] -- Found nav_msgs: 5.5.1 (/opt/ros/kilted/share/nav_msgs/cmake)
[0.959s] -- Found tf2_ros: 0.41.4 (/opt/ros/kilted/share/tf2_ros/cmake)
[1.178s] [0mCMake Deprecation Warning at /opt/ros/kilted/share/ament_cmake_target_dependencies/cmake/ament_target_dependencies.cmake:87 (message):
[1.179s]   ament_target_dependencies() is deprecated.  Use target_link_libraries()
[1.179s]   with modern CMake targets instead.  Try replacing this call with:
[1.179s] 
[1.179s]     target_link_libraries(fake_robot PUBLIC
[1.180s]       ${geometry_msgs_TARGETS}
[1.180s]       ${nav_msgs_TARGETS}
[1.180s]       ${sensor_msgs_TARGETS}
[1.180s]       ${std_msgs_TARGETS}
[1.180s]       rclcpp::rclcpp
[1.181s]       sensor_msgs::sensor_msgs_library
[1.181s]       tf2_ros::static_transform_broadcaster_node
[1.181s]       tf2_ros::tf2_ros
[1.181s]     )
[1.182s] 
[1.182s] Call Stack (most recent call first):
[1.182s]   CMakeLists.txt:22 (ament_target_dependencies)
[1.182s] 
[1.182s] [0m
[1.187s] -- Found ament_lint_auto: 0.19.2 (/opt/ros/kilted/share/ament_lint_auto/cmake)
[1.380s] -- Added test 'cppcheck' to perform static code analysis on C / C++ code
[1.380s] -- Configured cppcheck include dirs: $<BUILD_INTERFACE:/home/felix/Schreibtisch/projects/robotics_hw2/src/fake_robot/include>
[1.380s] -- Configured cppcheck exclude dirs and/or files: 
[1.381s] -- Added test 'flake8' to check Python code syntax and style conventions
[1.382s] -- Configured 'flake8' exclude dirs and/or files: 
[1.383s] -- Added test 'lint_cmake' to check CMake code style
[1.384s] -- Added test 'pep257' to check Python code against some of the docstring style conventions in PEP 257
[1.387s] -- Added test 'uncrustify' to check C / C++ code style
[1.388s] -- Configured uncrustify additional arguments: 
[1.389s] -- Added test 'xmllint' to check XML markup files
[1.391s] -- Configuring done (1.4s)
[1.424s] -- Generating done (0.0s)
[1.434s] -- Build files have been written to: /home/felix/Schreibtisch/projects/robotics_hw2/build/fake_robot
[1.452s] Invoked command in '/home/felix/Schreibtisch/projects/robotics_hw2/build/fake_robot' returned '0': CMAKE_PREFIX_PATH=${CMAKE_PREFIX_PATH}:/opt/ros/kilted /usr/bin/cmake /home/felix/Schreibtisch/projects/robotics_hw2/src/fake_robot -DAMENT_CMAKE_SYMLINK_INSTALL=1 -DCMAKE_INSTALL_PREFIX=/home/felix/Schreibtisch/projects/robotics_hw2/install/fake_robot
[1.455s] Invoking command in '/home/felix/Schreibtisch/projects/robotics_hw2/build/fake_robot': CMAKE_PREFIX_PATH=${CMAKE_PREFIX_PATH}:/opt/ros/kilted /usr/bin/cmake --build /home/felix/Schreibtisch/projects/robotics_hw2/build/fake_robot -- -j4 -l4
[1.557s] [ 50%] [32m[1mLinking CXX executable fake_robot[0m
[2.074s] [100%] Built target fake_robot
[2.089s] Invoked command in '/home/felix/Schreibtisch/projects/robotics_hw2/build/fake_robot' returned '0': CMAKE_PREFIX_PATH=${CMAKE_PREFIX_PATH}:/opt/ros/kilted /usr/bin/cmake --build /home/felix/Schreibtisch/projects/robotics_hw2/build/fake_robot -- -j4 -l4
[2.102s] Invoking command in '/home/felix/Schreibtisch/projects/robotics_hw2/build/fake_robot': CMAKE_PREFIX_PATH=${CMAKE_PREFIX_PATH}:/opt/ros/kilted /usr/bin/cmake --install /home/felix/Schreibtisch/projects/robotics_hw2/build/fake_robot
[2.112s] -- Install configuration: ""
[2.113s] -- Execute custom install script
[2.114s] -- Symlinking: /home/felix/Schreibtisch/projects/robotics_hw2/install/fake_robot/lib/fake_robot/fake_robot
[2.133s] -- Symlinking: /home/felix/Schreibtisch/projects/robotics_hw2/install/fake_robot/share/fake_robot/launch/fake_robot.launch.py
[2.149s] -- Symlinking: /home/felix/Schreibtisch/projects/robotics_hw2/install/fake_robot/share/fake_robot/data/landmarks.csv
[2.162s] -- Symlinking: /home/felix/Schreibtisch/projects/robotics_hw2/install/fake_robot/share/ament_index/resource_index/package_run_dependencies/fake_robot
[2.174s] -- Symlinking: /home/felix/Schreibtisch/projects/robotics_hw2/install/fake_robot/share/ament_index/resource_index/parent_prefix_path/fake_robot
[2.187s] -- Symlinking: /home/felix/Schreibtisch/projects/robotics_hw2/install/fake_robot/share/fake_robot/environment/ament_prefix_path.sh
[2.198s] -- Symlinking: /home/felix/Schreibtisch/projects/robotics_hw2/install/fake_robot/share/fake_robot/environment/ament_prefix_path.dsv
[2.210s] -- Symlinking: /home/felix/Schreibtisch/projects/robotics_hw2/install/fake_robot/share/fake_robot/environment/path.sh
[2.225s] -- Symlinking: /home/felix/Schreibtisch/projects/robotics_hw2/install/fake_robot/share/fake_robot/environment/path.dsv
[2.241s] -- Symlinking: /home/felix/Schreibtisch/projects/robotics_hw2/install/fake_robot/share/fake_robot/local_setup.bash
[2.256s] -- Symlinking: /home/felix/Schreibtisch/projects/robotics_hw2/install/fake_robot/share/fake_robot/local_setup.sh
[2.268s] -- Symlinking: /home/felix/Schreibtisch/projects/robotics_hw2/install/fake_robot/share/fake_robot/local_setup.zsh
[2.280s] -- Symlinking: /home/felix/Schreibtisch/projects/robotics_hw2/install/fake_robot/share/fake_robot/local_setup.dsv
[2.293s] -- Symlinking: /home/felix/Schreibtisch/projects/robotics_hw2/install/fake_robot/share/fake_robot/package.dsv
[2.308s] -- Symlinking: /home/felix/Schreibtisch/projects/robotics_hw2/install/fake_robot/share/ament_index/resource_index/packages/fake_robot
[2.326s] -- Symlinking: /home/felix/Schreibtisch/projects/robotics_hw2/install/fake_robot/share/fake_robot/cmake/fake_robotConfig.cmake
[2.344s] -- Symlinking: /home/felix/Schreibtisch/projects/robotics_hw2/install/fake_robot/share/fake_robot/cmake/fake_robotConfig-version.cmake
[2.360s] -- Symlinking: /home/felix/Schreibtisch/projects/robotics_hw2/install/fake_robot/share/fake_robot/package.xml
[2.387s] Invoked command in '/home/felix/Schreibtisch/projects/robotics_hw2/build/fake_robot' returned '0': CMAKE_PREFIX_PATH=${CMAKE_PREFIX_PATH}:/opt/ros/kilted /usr/bin/cmake --install /home/felix/Schreibtisch/projects/robotics_hw2/build/fake_robot
